<?xml version="1.0" encoding="UTF-8"?>
<!-- Generated by org.testng.reporters.JUnitReportReporter -->
<testsuite hostname="DESKTOP-G0JN9TA" failures="0" tests="1" name="testcase.TC002_login_test" time="2.186" errors="0" timestamp="2024-12-21T11:56:44 GMT" skipped="0">
  <testcase classname="testcase.TC002_login_test" name="verify_login" time="2.186"/>
</testsuite> <!-- testcase.TC002_login_test -->
