<?xml version="1.0" encoding="UTF-8"?>
<!-- Generated by org.testng.reporters.JUnitReportReporter -->
<testsuite hostname="DESKTOP-G0JN9TA" failures="0" tests="1" name="testcase.TC001_acc_reg_test" time="5.162" errors="0" timestamp="2024-12-25T11:19:30 GMT" skipped="0">
  <testcase classname="testcase.TC001_acc_reg_test" name="verify_acc_reg" time="5.162"/>
</testsuite> <!-- testcase.TC001_acc_reg_test -->
